<?xml version="1.0" encoding="UTF-8"?>
<!-- Generated by org.testng.reporters.JUnitReportReporter -->
<testsuite hostname="DESKTOP-GK61F68" name="cukeRunner.Runner" tests="1" failures="0" timestamp="12 Nov 2020 12:58:51 GMT" time="0.267" errors="0">
  <testcase name="feature" time="0.267" classname="cukeRunner.Runner"/>
</testsuite> <!-- cukeRunner.Runner -->
