<?xml version="1.0" encoding="UTF-8"?>
<!-- Generated by org.testng.reporters.JUnitReportReporter -->
<testsuite hostname="DESKTOP-GK61F68" name="cukeRunner.MyRunner" tests="1" failures="0" timestamp="12 Nov 2020 15:38:51 GMT" time="0.174" errors="0">
  <testcase name="scenario" time="0.174" classname="cukeRunner.MyRunner"/>
</testsuite> <!-- cukeRunner.MyRunner -->
