<?xml version="1.0" encoding="UTF-8"?>
<!-- Generated by org.testng.reporters.JUnitReportReporter -->
<testsuite hostname="DESKTOP-GK61F68" name="cukeRunner.Runner" tests="1" failures="0" timestamp="13 Nov 2020 07:15:16 GMT" time="5.791" errors="0">
  <testcase name="scenario" time="5.791" classname="cukeRunner.Runner"/>
</testsuite> <!-- cukeRunner.Runner -->
